Copyright 1986-2022 Xilinx, Inc. All Rights Reserved. Copyright 2022-2026 Advanced Micro Devices, Inc. All Rights Reserved.
---------------------------------------------------------------------------------------------------------------------------------------------------------------------------------------------------------------------
| Tool Version : Vivado v.2025.2.1 (win64) Build 6403652 Thu Mar 19 19:48:24 GMT 2026
| Date         : Wed Jul  8 23:49:46 2026
| Host         : Hanshu running 64-bit major release  (build 9200)
| Command      : report_timing_summary -max_paths 10 -routable_nets -report_unconstrained -file top_timing_summary_routed.rpt -pb top_timing_summary_routed.pb -rpx top_timing_summary_routed.rpx -warn_on_violation
| Design       : top
| Device       : 7k70t-fbv676
| Speed File   : -1  PRODUCTION 1.12 2017-02-17
| Design State : Routed
---------------------------------------------------------------------------------------------------------------------------------------------------------------------------------------------------------------------

Timing Summary Report

------------------------------------------------------------------------------------------------
| Timer Settings
| --------------
------------------------------------------------------------------------------------------------

  Enable Multi Corner Analysis               :  Yes
  Enable Pessimism Removal                   :  Yes
  Pessimism Removal Resolution               :  Nearest Common Node
  Enable Input Delay Default Clock           :  No
  Enable Preset / Clear Arcs                 :  No
  Disable Flight Delays                      :  No
  Ignore I/O Paths                           :  No
  Timing Early Launch at Borrowing Latches   :  No
  Borrow Time for Max Delay Exceptions       :  Yes
  Merge Timing Exceptions                    :  Yes
  Inter-SLR Compensation                     :  Conservative

  Corner  Analyze    Analyze    
  Name    Max Paths  Min Paths  
  ------  ---------  ---------  
  Slow    Yes        Yes        
  Fast    Yes        Yes        


------------------------------------------------------------------------------------------------
| Report Methodology
| ------------------
------------------------------------------------------------------------------------------------

Rule       Severity          Description                  Violations  
---------  ----------------  ---------------------------  ----------  
TIMING-17  Critical Warning  Non-clocked sequential cell  18          

Note: This report is based on the most recent report_methodology run and may not be up-to-date. Run report_methodology on the current design for the latest report.



check_timing report

Table of Contents
-----------------
1. checking no_clock (18)
2. checking constant_clock (0)
3. checking pulse_width_clock (0)
4. checking unconstrained_internal_endpoints (54)
5. checking no_input_delay (1)
6. checking no_output_delay (1)
7. checking multiple_clock (0)
8. checking generated_clocks (0)
9. checking loops (0)
10. checking partial_input_delay (0)
11. checking partial_output_delay (0)
12. checking latch_loops (0)

1. checking no_clock (18)
-------------------------
 There are 18 register/latch pins with no clock driven by root clock pin: clk (HIGH)


2. checking constant_clock (0)
------------------------------
 There are 0 register/latch pins with constant_clock.


3. checking pulse_width_clock (0)
---------------------------------
 There are 0 register/latch pins which need pulse_width check


4. checking unconstrained_internal_endpoints (54)
-------------------------------------------------
 There are 54 pins that are not constrained for maximum delay. (HIGH)

 There are 0 pins that are not constrained for maximum delay due to constant clock.


5. checking no_input_delay (1)
------------------------------
 There is 1 input port with no input delay specified. (HIGH)

 There are 0 input ports with no input delay but user has a false path constraint.


6. checking no_output_delay (1)
-------------------------------
 There is 1 port with no output delay specified. (HIGH)

 There are 0 ports with no output delay but user has a false path constraint

 There are 0 ports with no output delay but with a timing clock defined on it or propagating through it


7. checking multiple_clock (0)
------------------------------
 There are 0 register/latch pins with multiple clocks.


8. checking generated_clocks (0)
--------------------------------
 There are 0 generated clocks that are not connected to a clock source.


9. checking loops (0)
---------------------
 There are 0 combinational loops in the design.


10. checking partial_input_delay (0)
------------------------------------
 There are 0 input ports with partial input delay specified.


11. checking partial_output_delay (0)
-------------------------------------
 There are 0 ports with partial output delay specified.


12. checking latch_loops (0)
----------------------------
 There are 0 combinational latch loops in the design through latch input



------------------------------------------------------------------------------------------------
| Design Timing Summary
| ---------------------
------------------------------------------------------------------------------------------------

    WNS(ns)      TNS(ns)  TNS Failing Endpoints  TNS Total Endpoints      WHS(ns)      THS(ns)  THS Failing Endpoints  THS Total Endpoints     WPWS(ns)     TPWS(ns)  TPWS Failing Endpoints  TPWS Total Endpoints  
    -------      -------  ---------------------  -------------------      -------      -------  ---------------------  -------------------     --------     --------  ----------------------  --------------------  
        inf        0.000                      0                   55          inf        0.000                      0                   55           NA           NA                      NA                    NA  


There are no user specified timing constraints.


------------------------------------------------------------------------------------------------
| Clock Summary
| -------------
------------------------------------------------------------------------------------------------


------------------------------------------------------------------------------------------------
| Intra Clock Table
| -----------------
------------------------------------------------------------------------------------------------

Clock             WNS(ns)      TNS(ns)  TNS Failing Endpoints  TNS Total Endpoints      WHS(ns)      THS(ns)  THS Failing Endpoints  THS Total Endpoints     WPWS(ns)     TPWS(ns)  TPWS Failing Endpoints  TPWS Total Endpoints  
-----             -------      -------  ---------------------  -------------------      -------      -------  ---------------------  -------------------     --------     --------  ----------------------  --------------------  


------------------------------------------------------------------------------------------------
| Inter Clock Table
| -----------------
------------------------------------------------------------------------------------------------

From Clock    To Clock          WNS(ns)      TNS(ns)  TNS Failing Endpoints  TNS Total Endpoints      WHS(ns)      THS(ns)  THS Failing Endpoints  THS Total Endpoints  
----------    --------          -------      -------  ---------------------  -------------------      -------      -------  ---------------------  -------------------  


------------------------------------------------------------------------------------------------
| Other Path Groups Table
| -----------------------
------------------------------------------------------------------------------------------------

Path Group    From Clock    To Clock          WNS(ns)      TNS(ns)  TNS Failing Endpoints  TNS Total Endpoints      WHS(ns)      THS(ns)  THS Failing Endpoints  THS Total Endpoints  
----------    ----------    --------          -------      -------  ---------------------  -------------------      -------      -------  ---------------------  -------------------  


------------------------------------------------------------------------------------------------
| User Ignored Path Table
| -----------------------
------------------------------------------------------------------------------------------------

Path Group    From Clock    To Clock    
----------    ----------    --------    


------------------------------------------------------------------------------------------------
| Unconstrained Path Table
| ------------------------
------------------------------------------------------------------------------------------------

Path Group    From Clock    To Clock    
----------    ----------    --------    
(none)                                    


------------------------------------------------------------------------------------------------
| Timing Details
| --------------
------------------------------------------------------------------------------------------------


--------------------------------------------------------------------------------------
Path Group:  (none)
From Clock:  
  To Clock:  

Max Delay            55 Endpoints
Min Delay            55 Endpoints
--------------------------------------------------------------------------------------


Max Delay Paths
--------------------------------------------------------------------------------------
Slack:                    inf
  Source:                 done_reg/C
                            (rising edge-triggered cell FDRE)
  Destination:            done
                            (output port)
  Path Group:             (none)
  Path Type:              Max at Slow Process Corner
  Data Path Delay:        4.112ns  (logic 2.713ns (65.974%)  route 1.399ns (34.026%))
  Logic Levels:           2  (FDRE=1 OBUF=1)

    Location             Delay type                Incr(ns)  Path(ns)    Netlist Resource(s)
  -------------------------------------------------------------------    -------------------
    SLICE_X1Y12          FDRE                         0.000     0.000 r  done_reg/C
    SLICE_X1Y12          FDRE (Prop_fdre_C_Q)         0.269     0.269 r  done_reg/Q
                         net (fo=1, routed)           1.399     1.668    done_OBUF
    R16                  OBUF (Prop_obuf_I_O)         2.444     4.112 r  done_OBUF_inst/O
                         net (fo=0)                   0.000     4.112    done
    R16                                                               r  done (OUT)
  -------------------------------------------------------------------    -------------------

Slack:                    inf
  Source:                 rst
                            (input port)
  Destination:            addr_reg[16]/R
  Path Group:             (none)
  Path Type:              Max at Slow Process Corner
  Data Path Delay:        2.019ns  (logic 0.812ns (40.247%)  route 1.206ns (59.753%))
  Logic Levels:           1  (IBUF=1)

    Location             Delay type                Incr(ns)  Path(ns)    Netlist Resource(s)
  -------------------------------------------------------------------    -------------------
    N17                                               0.000     0.000 r  rst (IN)
                         net (fo=0)                   0.000     0.000    rst
    N17                  IBUF (Prop_ibuf_I_O)         0.812     0.812 r  rst_IBUF_inst/O
                         net (fo=18, routed)          1.206     2.019    rst_IBUF
    SLICE_X0Y13          FDRE                                         r  addr_reg[16]/R
  -------------------------------------------------------------------    -------------------

Slack:                    inf
  Source:                 rst
                            (input port)
  Destination:            addr_reg[12]/R
  Path Group:             (none)
  Path Type:              Max at Slow Process Corner
  Data Path Delay:        1.915ns  (logic 0.812ns (42.417%)  route 1.103ns (57.583%))
  Logic Levels:           1  (IBUF=1)

    Location             Delay type                Incr(ns)  Path(ns)    Netlist Resource(s)
  -------------------------------------------------------------------    -------------------
    N17                                               0.000     0.000 r  rst (IN)
                         net (fo=0)                   0.000     0.000    rst
    N17                  IBUF (Prop_ibuf_I_O)         0.812     0.812 r  rst_IBUF_inst/O
                         net (fo=18, routed)          1.103     1.915    rst_IBUF
    SLICE_X0Y12          FDRE                                         r  addr_reg[12]/R
  -------------------------------------------------------------------    -------------------

Slack:                    inf
  Source:                 rst
                            (input port)
  Destination:            addr_reg[13]/R
  Path Group:             (none)
  Path Type:              Max at Slow Process Corner
  Data Path Delay:        1.915ns  (logic 0.812ns (42.417%)  route 1.103ns (57.583%))
  Logic Levels:           1  (IBUF=1)

    Location             Delay type                Incr(ns)  Path(ns)    Netlist Resource(s)
  -------------------------------------------------------------------    -------------------
    N17                                               0.000     0.000 r  rst (IN)
                         net (fo=0)                   0.000     0.000    rst
    N17                  IBUF (Prop_ibuf_I_O)         0.812     0.812 r  rst_IBUF_inst/O
                         net (fo=18, routed)          1.103     1.915    rst_IBUF
    SLICE_X0Y12          FDRE                                         r  addr_reg[13]/R
  -------------------------------------------------------------------    -------------------

Slack:                    inf
  Source:                 rst
                            (input port)
  Destination:            addr_reg[14]/R
  Path Group:             (none)
  Path Type:              Max at Slow Process Corner
  Data Path Delay:        1.915ns  (logic 0.812ns (42.417%)  route 1.103ns (57.583%))
  Logic Levels:           1  (IBUF=1)

    Location             Delay type                Incr(ns)  Path(ns)    Netlist Resource(s)
  -------------------------------------------------------------------    -------------------
    N17                                               0.000     0.000 r  rst (IN)
                         net (fo=0)                   0.000     0.000    rst
    N17                  IBUF (Prop_ibuf_I_O)         0.812     0.812 r  rst_IBUF_inst/O
                         net (fo=18, routed)          1.103     1.915    rst_IBUF
    SLICE_X0Y12          FDRE                                         r  addr_reg[14]/R
  -------------------------------------------------------------------    -------------------

Slack:                    inf
  Source:                 rst
                            (input port)
  Destination:            addr_reg[15]/R
  Path Group:             (none)
  Path Type:              Max at Slow Process Corner
  Data Path Delay:        1.915ns  (logic 0.812ns (42.417%)  route 1.103ns (57.583%))
  Logic Levels:           1  (IBUF=1)

    Location             Delay type                Incr(ns)  Path(ns)    Netlist Resource(s)
  -------------------------------------------------------------------    -------------------
    N17                                               0.000     0.000 r  rst (IN)
                         net (fo=0)                   0.000     0.000    rst
    N17                  IBUF (Prop_ibuf_I_O)         0.812     0.812 r  rst_IBUF_inst/O
                         net (fo=18, routed)          1.103     1.915    rst_IBUF
    SLICE_X0Y12          FDRE                                         r  addr_reg[15]/R
  -------------------------------------------------------------------    -------------------

Slack:                    inf
  Source:                 rst
                            (input port)
  Destination:            done_reg/R
  Path Group:             (none)
  Path Type:              Max at Slow Process Corner
  Data Path Delay:        1.913ns  (logic 0.812ns (42.469%)  route 1.101ns (57.531%))
  Logic Levels:           1  (IBUF=1)

    Location             Delay type                Incr(ns)  Path(ns)    Netlist Resource(s)
  -------------------------------------------------------------------    -------------------
    N17                                               0.000     0.000 r  rst (IN)
                         net (fo=0)                   0.000     0.000    rst
    N17                  IBUF (Prop_ibuf_I_O)         0.812     0.812 r  rst_IBUF_inst/O
                         net (fo=18, routed)          1.101     1.913    rst_IBUF
    SLICE_X1Y12          FDRE                                         r  done_reg/R
  -------------------------------------------------------------------    -------------------

Slack:                    inf
  Source:                 rst
                            (input port)
  Destination:            addr_reg[10]/R
  Path Group:             (none)
  Path Type:              Max at Slow Process Corner
  Data Path Delay:        1.800ns  (logic 0.812ns (45.142%)  route 0.987ns (54.858%))
  Logic Levels:           1  (IBUF=1)

    Location             Delay type                Incr(ns)  Path(ns)    Netlist Resource(s)
  -------------------------------------------------------------------    -------------------
    N17                                               0.000     0.000 r  rst (IN)
                         net (fo=0)                   0.000     0.000    rst
    N17                  IBUF (Prop_ibuf_I_O)         0.812     0.812 r  rst_IBUF_inst/O
                         net (fo=18, routed)          0.987     1.800    rst_IBUF
    SLICE_X0Y11          FDRE                                         r  addr_reg[10]/R
  -------------------------------------------------------------------    -------------------

Slack:                    inf
  Source:                 rst
                            (input port)
  Destination:            addr_reg[11]/R
  Path Group:             (none)
  Path Type:              Max at Slow Process Corner
  Data Path Delay:        1.800ns  (logic 0.812ns (45.142%)  route 0.987ns (54.858%))
  Logic Levels:           1  (IBUF=1)

    Location             Delay type                Incr(ns)  Path(ns)    Netlist Resource(s)
  -------------------------------------------------------------------    -------------------
    N17                                               0.000     0.000 r  rst (IN)
                         net (fo=0)                   0.000     0.000    rst
    N17                  IBUF (Prop_ibuf_I_O)         0.812     0.812 r  rst_IBUF_inst/O
                         net (fo=18, routed)          0.987     1.800    rst_IBUF
    SLICE_X0Y11          FDRE                                         r  addr_reg[11]/R
  -------------------------------------------------------------------    -------------------

Slack:                    inf
  Source:                 rst
                            (input port)
  Destination:            addr_reg[8]/R
  Path Group:             (none)
  Path Type:              Max at Slow Process Corner
  Data Path Delay:        1.800ns  (logic 0.812ns (45.142%)  route 0.987ns (54.858%))
  Logic Levels:           1  (IBUF=1)

    Location             Delay type                Incr(ns)  Path(ns)    Netlist Resource(s)
  -------------------------------------------------------------------    -------------------
    N17                                               0.000     0.000 r  rst (IN)
                         net (fo=0)                   0.000     0.000    rst
    N17                  IBUF (Prop_ibuf_I_O)         0.812     0.812 r  rst_IBUF_inst/O
                         net (fo=18, routed)          0.987     1.800    rst_IBUF
    SLICE_X0Y11          FDRE                                         r  addr_reg[8]/R
  -------------------------------------------------------------------    -------------------





Min Delay Paths
--------------------------------------------------------------------------------------
Slack:                    inf
  Source:                 addr_reg[16]/C
                            (rising edge-triggered cell FDRE)
  Destination:            done_reg/D
  Path Group:             (none)
  Path Type:              Min at Fast Process Corner
  Data Path Delay:        0.235ns  (logic 0.100ns (42.521%)  route 0.135ns (57.479%))
  Logic Levels:           1  (FDRE=1)

    Location             Delay type                Incr(ns)  Path(ns)    Netlist Resource(s)
  -------------------------------------------------------------------    -------------------
    SLICE_X0Y13          FDRE                         0.000     0.000 r  addr_reg[16]/C
    SLICE_X0Y13          FDRE (Prop_fdre_C_Q)         0.100     0.100 r  addr_reg[16]/Q
                         net (fo=4, routed)           0.135     0.235    addr_reg[16]
    SLICE_X1Y12          FDRE                                         r  done_reg/D
  -------------------------------------------------------------------    -------------------

Slack:                    inf
  Source:                 addr_reg[16]/C
                            (rising edge-triggered cell FDRE)
  Destination:            done_reg/CE
  Path Group:             (none)
  Path Type:              Min at Fast Process Corner
  Data Path Delay:        0.236ns  (logic 0.100ns (42.341%)  route 0.136ns (57.659%))
  Logic Levels:           1  (FDRE=1)

    Location             Delay type                Incr(ns)  Path(ns)    Netlist Resource(s)
  -------------------------------------------------------------------    -------------------
    SLICE_X0Y13          FDRE                         0.000     0.000 r  addr_reg[16]/C
    SLICE_X0Y13          FDRE (Prop_fdre_C_Q)         0.100     0.100 r  addr_reg[16]/Q
                         net (fo=4, routed)           0.136     0.236    addr_reg[16]
    SLICE_X1Y12          FDRE                                         r  done_reg/CE
  -------------------------------------------------------------------    -------------------

Slack:                    inf
  Source:                 addr_reg[10]/C
                            (rising edge-triggered cell FDRE)
  Destination:            addr_reg[10]/D
  Path Group:             (none)
  Path Type:              Min at Fast Process Corner
  Data Path Delay:        0.291ns  (logic 0.179ns (61.433%)  route 0.112ns (38.567%))
  Logic Levels:           2  (CARRY4=1 FDRE=1)

    Location             Delay type                Incr(ns)  Path(ns)    Netlist Resource(s)
  -------------------------------------------------------------------    -------------------
    SLICE_X0Y11          FDRE                         0.000     0.000 r  addr_reg[10]/C
    SLICE_X0Y11          FDRE (Prop_fdre_C_Q)         0.100     0.100 r  addr_reg[10]/Q
                         net (fo=1, routed)           0.112     0.212    addr_reg_n_0_[10]
    SLICE_X0Y11          CARRY4 (Prop_carry4_S[2]_O[2])
                                                      0.079     0.291 r  addr_reg[8]_i_1/O[2]
                         net (fo=1, routed)           0.000     0.291    addr_reg[8]_i_1_n_5
    SLICE_X0Y11          FDRE                                         r  addr_reg[10]/D
  -------------------------------------------------------------------    -------------------

Slack:                    inf
  Source:                 addr_reg[14]/C
                            (rising edge-triggered cell FDRE)
  Destination:            addr_reg[14]/D
  Path Group:             (none)
  Path Type:              Min at Fast Process Corner
  Data Path Delay:        0.291ns  (logic 0.179ns (61.433%)  route 0.112ns (38.567%))
  Logic Levels:           2  (CARRY4=1 FDRE=1)

    Location             Delay type                Incr(ns)  Path(ns)    Netlist Resource(s)
  -------------------------------------------------------------------    -------------------
    SLICE_X0Y12          FDRE                         0.000     0.000 r  addr_reg[14]/C
    SLICE_X0Y12          FDRE (Prop_fdre_C_Q)         0.100     0.100 r  addr_reg[14]/Q
                         net (fo=1, routed)           0.112     0.212    addr_reg_n_0_[14]
    SLICE_X0Y12          CARRY4 (Prop_carry4_S[2]_O[2])
                                                      0.079     0.291 r  addr_reg[12]_i_1/O[2]
                         net (fo=1, routed)           0.000     0.291    addr_reg[12]_i_1_n_5
    SLICE_X0Y12          FDRE                                         r  addr_reg[14]/D
  -------------------------------------------------------------------    -------------------

Slack:                    inf
  Source:                 addr_reg[2]/C
                            (rising edge-triggered cell FDRE)
  Destination:            addr_reg[2]/D
  Path Group:             (none)
  Path Type:              Min at Fast Process Corner
  Data Path Delay:        0.291ns  (logic 0.179ns (61.433%)  route 0.112ns (38.567%))
  Logic Levels:           2  (CARRY4=1 FDRE=1)

    Location             Delay type                Incr(ns)  Path(ns)    Netlist Resource(s)
  -------------------------------------------------------------------    -------------------
    SLICE_X0Y9           FDRE                         0.000     0.000 r  addr_reg[2]/C
    SLICE_X0Y9           FDRE (Prop_fdre_C_Q)         0.100     0.100 r  addr_reg[2]/Q
                         net (fo=1, routed)           0.112     0.212    addr_reg_n_0_[2]
    SLICE_X0Y9           CARRY4 (Prop_carry4_S[2]_O[2])
                                                      0.079     0.291 r  addr_reg[0]_i_2/O[2]
                         net (fo=1, routed)           0.000     0.291    addr_reg[0]_i_2_n_5
    SLICE_X0Y9           FDRE                                         r  addr_reg[2]/D
  -------------------------------------------------------------------    -------------------

Slack:                    inf
  Source:                 addr_reg[6]/C
                            (rising edge-triggered cell FDRE)
  Destination:            addr_reg[6]/D
  Path Group:             (none)
  Path Type:              Min at Fast Process Corner
  Data Path Delay:        0.291ns  (logic 0.179ns (61.433%)  route 0.112ns (38.567%))
  Logic Levels:           2  (CARRY4=1 FDRE=1)

    Location             Delay type                Incr(ns)  Path(ns)    Netlist Resource(s)
  -------------------------------------------------------------------    -------------------
    SLICE_X0Y10          FDRE                         0.000     0.000 r  addr_reg[6]/C
    SLICE_X0Y10          FDRE (Prop_fdre_C_Q)         0.100     0.100 r  addr_reg[6]/Q
                         net (fo=1, routed)           0.112     0.212    addr_reg_n_0_[6]
    SLICE_X0Y10          CARRY4 (Prop_carry4_S[2]_O[2])
                                                      0.079     0.291 r  addr_reg[4]_i_1/O[2]
                         net (fo=1, routed)           0.000     0.291    addr_reg[4]_i_1_n_5
    SLICE_X0Y10          FDRE                                         r  addr_reg[6]/D
  -------------------------------------------------------------------    -------------------

Slack:                    inf
  Source:                 addr_reg[10]/C
                            (rising edge-triggered cell FDRE)
  Destination:            addr_reg[11]/D
  Path Group:             (none)
  Path Type:              Min at Fast Process Corner
  Data Path Delay:        0.315ns  (logic 0.203ns (64.368%)  route 0.112ns (35.632%))
  Logic Levels:           2  (CARRY4=1 FDRE=1)

    Location             Delay type                Incr(ns)  Path(ns)    Netlist Resource(s)
  -------------------------------------------------------------------    -------------------
    SLICE_X0Y11          FDRE                         0.000     0.000 r  addr_reg[10]/C
    SLICE_X0Y11          FDRE (Prop_fdre_C_Q)         0.100     0.100 r  addr_reg[10]/Q
                         net (fo=1, routed)           0.112     0.212    addr_reg_n_0_[10]
    SLICE_X0Y11          CARRY4 (Prop_carry4_S[2]_O[3])
                                                      0.103     0.315 r  addr_reg[8]_i_1/O[3]
                         net (fo=1, routed)           0.000     0.315    addr_reg[8]_i_1_n_4
    SLICE_X0Y11          FDRE                                         r  addr_reg[11]/D
  -------------------------------------------------------------------    -------------------

Slack:                    inf
  Source:                 addr_reg[14]/C
                            (rising edge-triggered cell FDRE)
  Destination:            addr_reg[15]/D
  Path Group:             (none)
  Path Type:              Min at Fast Process Corner
  Data Path Delay:        0.315ns  (logic 0.203ns (64.368%)  route 0.112ns (35.632%))
  Logic Levels:           2  (CARRY4=1 FDRE=1)

    Location             Delay type                Incr(ns)  Path(ns)    Netlist Resource(s)
  -------------------------------------------------------------------    -------------------
    SLICE_X0Y12          FDRE                         0.000     0.000 r  addr_reg[14]/C
    SLICE_X0Y12          FDRE (Prop_fdre_C_Q)         0.100     0.100 r  addr_reg[14]/Q
                         net (fo=1, routed)           0.112     0.212    addr_reg_n_0_[14]
    SLICE_X0Y12          CARRY4 (Prop_carry4_S[2]_O[3])
                                                      0.103     0.315 r  addr_reg[12]_i_1/O[3]
                         net (fo=1, routed)           0.000     0.315    addr_reg[12]_i_1_n_4
    SLICE_X0Y12          FDRE                                         r  addr_reg[15]/D
  -------------------------------------------------------------------    -------------------

Slack:                    inf
  Source:                 addr_reg[2]/C
                            (rising edge-triggered cell FDRE)
  Destination:            addr_reg[3]/D
  Path Group:             (none)
  Path Type:              Min at Fast Process Corner
  Data Path Delay:        0.315ns  (logic 0.203ns (64.368%)  route 0.112ns (35.632%))
  Logic Levels:           2  (CARRY4=1 FDRE=1)

    Location             Delay type                Incr(ns)  Path(ns)    Netlist Resource(s)
  -------------------------------------------------------------------    -------------------
    SLICE_X0Y9           FDRE                         0.000     0.000 r  addr_reg[2]/C
    SLICE_X0Y9           FDRE (Prop_fdre_C_Q)         0.100     0.100 r  addr_reg[2]/Q
                         net (fo=1, routed)           0.112     0.212    addr_reg_n_0_[2]
    SLICE_X0Y9           CARRY4 (Prop_carry4_S[2]_O[3])
                                                      0.103     0.315 r  addr_reg[0]_i_2/O[3]
                         net (fo=1, routed)           0.000     0.315    addr_reg[0]_i_2_n_4
    SLICE_X0Y9           FDRE                                         r  addr_reg[3]/D
  -------------------------------------------------------------------    -------------------

Slack:                    inf
  Source:                 addr_reg[6]/C
                            (rising edge-triggered cell FDRE)
  Destination:            addr_reg[7]/D
  Path Group:             (none)
  Path Type:              Min at Fast Process Corner
  Data Path Delay:        0.315ns  (logic 0.203ns (64.368%)  route 0.112ns (35.632%))
  Logic Levels:           2  (CARRY4=1 FDRE=1)

    Location             Delay type                Incr(ns)  Path(ns)    Netlist Resource(s)
  -------------------------------------------------------------------    -------------------
    SLICE_X0Y10          FDRE                         0.000     0.000 r  addr_reg[6]/C
    SLICE_X0Y10          FDRE (Prop_fdre_C_Q)         0.100     0.100 r  addr_reg[6]/Q
                         net (fo=1, routed)           0.112     0.212    addr_reg_n_0_[6]
    SLICE_X0Y10          CARRY4 (Prop_carry4_S[2]_O[3])
                                                      0.103     0.315 r  addr_reg[4]_i_1/O[3]
                         net (fo=1, routed)           0.000     0.315    addr_reg[4]_i_1_n_4
    SLICE_X0Y10          FDRE                                         r  addr_reg[7]/D
  -------------------------------------------------------------------    -------------------





